{
  "stats": {
    "suites": 5,
    "tests": 7,
    "passes": 7,
    "pending": 0,
    "failures": 0,
    "start": "2023-06-24T20:57:16.604Z",
    "end": "2023-06-24T20:57:20.425Z",
    "duration": 3821,
    "testsRegistered": 7,
    "passPercent": 100,
    "pendingPercent": 0,
    "other": 0,
    "hasOther": false,
    "skipped": 0,
    "hasSkipped": false
  },
  "results": [
    {
      "uuid": "299aada7-ef3d-4242-925e-d09f047021ec",
      "title": "",
      "fullFile": "",
      "file": "",
      "beforeHooks": [],
      "afterHooks": [],
      "tests": [],
      "suites": [
        {
          "uuid": "f99ad782-50ed-4fb1-bb53-34478cee7bdf",
          "title": "GetToken",
          "fullFile": "C:\\Users\\devynursadiah\\Documents\\API-Automation-devy\\test\\spec\\apiUser.spec.js",
          "file": "\\test\\spec\\apiUser.spec.js",
          "beforeHooks": [],
          "afterHooks": [],
          "tests": [
            {
              "title": "tokenUser",
              "fullTitle": "GetToken tokenUser",
              "timedOut": false,
              "duration": 1159,
              "state": "passed",
              "speed": "slow",
              "pass": true,
              "fail": false,
              "pending": false,
              "context": null,
              "code": "const data = {\n    \"email\":userData.USER_DATA.email,\n    \"password\":userData.USER_DATA.password\n} \nconst response = await request\n                .post(\"/authentications\")\n                .send(data)\nexpect(await response.status).to.eql(201);\nexpect(await response.body.data.accessToken).not.to.be.null;\ntoken = response.body.data.accessToken\nreturn token",
              "err": {},
              "uuid": "f2eb9803-9170-4c36-9112-53a368164288",
              "parentUUID": "f99ad782-50ed-4fb1-bb53-34478cee7bdf",
              "isHook": false,
              "skipped": false
            }
          ],
          "suites": [],
          "passes": [
            "f2eb9803-9170-4c36-9112-53a368164288"
          ],
          "failures": [],
          "pending": [],
          "skipped": [],
          "duration": 1159,
          "root": false,
          "rootEmpty": false,
          "_timeout": 2000
        },
        {
          "uuid": "ccc92d57-3045-4c76-8a5e-e94b2ca06a18",
          "title": "Create User",
          "fullFile": "C:\\Users\\devynursadiah\\Documents\\API-Automation-devy\\test\\spec\\apiUser.spec.js",
          "file": "\\test\\spec\\apiUser.spec.js",
          "beforeHooks": [],
          "afterHooks": [],
          "tests": [
            {
              "title": "Create User Gagal",
              "fullTitle": "Create User Create User Gagal",
              "timedOut": false,
              "duration": 554,
              "state": "passed",
              "speed": "slow",
              "pass": true,
              "fail": false,
              "pending": false,
              "context": null,
              "code": "const data = {\n    name :\"user\",\n    email:\"user\",\n    password:\"user\"\n}; \nconst response = await request\n                .post(\"/users\")\n                .set({\n                    Authorization: `Bearer ${token}`\n                })\n                .send({\n                    \"name\":data.name,\n                    \"email\":data.email,\n                    \"password\":data.password\n                })\nexpect(await response.status).to.be.eql(400);\nexpect(await response.body.status).to.eql(\"fail\")\nexpect(await response.body.message).to.eql(\"\\\"email\\\" must be a valid email\")",
              "err": {},
              "uuid": "4e885774-b443-4d40-a7bd-13f5ad7a71db",
              "parentUUID": "ccc92d57-3045-4c76-8a5e-e94b2ca06a18",
              "isHook": false,
              "skipped": false
            },
            {
              "title": "Create User Berhasil",
              "fullTitle": "Create User Create User Berhasil",
              "timedOut": false,
              "duration": 417,
              "state": "passed",
              "speed": "slow",
              "pass": true,
              "fail": false,
              "pending": false,
              "context": null,
              "code": "const data = {\n    name :\"user\",\n    email:\"user@gmail.com\",\n    password:\"user123\"\n}; \nconst response = await request\n                .post(\"/users\")\n                .set({\n                    Authorization: `Bearer ${token}`\n                })\n                .send({\n                    \"name\":data.name,\n                    \"email\":data.email,\n                    \"password\":data.password\n                })\nexpect(await response.status).to.be.eql(201);\nexpect(await response.body.status).to.eql(\"success\")\nexpect(await response.body.message).to.eql(\"User berhasil ditambahkan\")\nexpect(await response.body.data.userId).not.to.be.null;\nuserId = response.body.data.userId\nreturn userId",
              "err": {},
              "uuid": "26940bdc-a587-4bcf-a109-ea69f0c1cf71",
              "parentUUID": "ccc92d57-3045-4c76-8a5e-e94b2ca06a18",
              "isHook": false,
              "skipped": false
            }
          ],
          "suites": [],
          "passes": [
            "4e885774-b443-4d40-a7bd-13f5ad7a71db",
            "26940bdc-a587-4bcf-a109-ea69f0c1cf71"
          ],
          "failures": [],
          "pending": [],
          "skipped": [],
          "duration": 971,
          "root": false,
          "rootEmpty": false,
          "_timeout": 2000
        },
        {
          "uuid": "48216c5d-a6a8-4669-b4e7-6618cac5d99d",
          "title": "Get User Detail",
          "fullFile": "C:\\Users\\devynursadiah\\Documents\\API-Automation-devy\\test\\spec\\apiUser.spec.js",
          "file": "\\test\\spec\\apiUser.spec.js",
          "beforeHooks": [],
          "afterHooks": [],
          "tests": [
            {
              "title": "Get User Detail Berhasil",
              "fullTitle": "Get User Detail Get User Detail Berhasil",
              "timedOut": false,
              "duration": 134,
              "state": "passed",
              "speed": "slow",
              "pass": true,
              "fail": false,
              "pending": false,
              "context": null,
              "code": "const response = await request\n                .get(`/users/${userId}`)\n                .set({\n                    Authorization: `Bearer ${token}`\n                })\nexpect(await response.status).to.eql(200);\nexpect(await response.body.status).to.eql(\"success\")",
              "err": {},
              "uuid": "59217b2c-6e8b-4b28-81d9-04babd7020d2",
              "parentUUID": "48216c5d-a6a8-4669-b4e7-6618cac5d99d",
              "isHook": false,
              "skipped": false
            }
          ],
          "suites": [],
          "passes": [
            "59217b2c-6e8b-4b28-81d9-04babd7020d2"
          ],
          "failures": [],
          "pending": [],
          "skipped": [],
          "duration": 134,
          "root": false,
          "rootEmpty": false,
          "_timeout": 2000
        },
        {
          "uuid": "39fbe4e4-6668-4ef6-a514-3909c4a7c2f0",
          "title": "Update User",
          "fullFile": "C:\\Users\\devynursadiah\\Documents\\API-Automation-devy\\test\\spec\\apiUser.spec.js",
          "file": "\\test\\spec\\apiUser.spec.js",
          "beforeHooks": [],
          "afterHooks": [],
          "tests": [
            {
              "title": "Update User Gagal",
              "fullTitle": "Update User Update User Gagal",
              "timedOut": false,
              "duration": 643,
              "state": "passed",
              "speed": "slow",
              "pass": true,
              "fail": false,
              "pending": false,
              "context": null,
              "code": "const response = await request\n                .put(`/users/${userId}`)\n                .set({\n                    Authorization: `Bearer ${token}`\n                })\n                .send({\n                    \"name\" : data.email,\n                    \"email\" : data.password\n                })\nexpect(await response.status).to.eql(400);\nexpect(await response.body.status).to.eql(\"fail\")\nexpect(await response.body.message).to.eql(\"\\\"email\\\" must be a valid email\")",
              "err": {},
              "uuid": "1f3fb267-afdd-430f-b858-29f5c7194527",
              "parentUUID": "39fbe4e4-6668-4ef6-a514-3909c4a7c2f0",
              "isHook": false,
              "skipped": false
            },
            {
              "title": "Update User Berhasil",
              "fullTitle": "Update User Update User Berhasil",
              "timedOut": false,
              "duration": 643,
              "state": "passed",
              "speed": "slow",
              "pass": true,
              "fail": false,
              "pending": false,
              "context": null,
              "code": "const data = {\n    name :\"userUpdate\",\n    email:\"userUpdate@gmail.com\",\n};\nconst response = await request\n                .put(`/users/${userId}`)\n                .set({\n                    Authorization: `Bearer ${token}`\n                })\n                .send({\n                    \"name\" : data.name,\n                    \"email\" : data.email\n                })\nexpect(await response.status).to.eql(200);\nexpect(await response.body.status).to.eql(\"success\")\nexpect(await response.body.message).to.eql(\"User berhasil diupdate\")",
              "err": {},
              "uuid": "d9f35fe4-3930-4ac8-8b36-3b3ff1a99229",
              "parentUUID": "39fbe4e4-6668-4ef6-a514-3909c4a7c2f0",
              "isHook": false,
              "skipped": false
            }
          ],
          "suites": [],
          "passes": [
            "1f3fb267-afdd-430f-b858-29f5c7194527",
            "d9f35fe4-3930-4ac8-8b36-3b3ff1a99229"
          ],
          "failures": [],
          "pending": [],
          "skipped": [],
          "duration": 1286,
          "root": false,
          "rootEmpty": false,
          "_timeout": 2000
        },
        {
          "uuid": "bbb1f95f-23e9-4663-a60c-1be21ca41a82",
          "title": "Delate User",
          "fullFile": "C:\\Users\\devynursadiah\\Documents\\API-Automation-devy\\test\\spec\\apiUser.spec.js",
          "file": "\\test\\spec\\apiUser.spec.js",
          "beforeHooks": [],
          "afterHooks": [],
          "tests": [
            {
              "title": "Delate User Berhasil",
              "fullTitle": "Delate User Delate User Berhasil",
              "timedOut": false,
              "duration": 130,
              "state": "passed",
              "speed": "slow",
              "pass": true,
              "fail": false,
              "pending": false,
              "context": null,
              "code": "const response = await request\n                .get(`/users/${userId}`)\n                .set({\n                    Authorization: `Bearer ${token}`\n                })\nexpect(await response.status).to.eql(200);\nexpect(await response.body.status).to.eql(\"success\")",
              "err": {},
              "uuid": "7b9ba33d-c0fc-4458-b135-bb53940632bd",
              "parentUUID": "bbb1f95f-23e9-4663-a60c-1be21ca41a82",
              "isHook": false,
              "skipped": false
            }
          ],
          "suites": [],
          "passes": [
            "7b9ba33d-c0fc-4458-b135-bb53940632bd"
          ],
          "failures": [],
          "pending": [],
          "skipped": [],
          "duration": 130,
          "root": false,
          "rootEmpty": false,
          "_timeout": 2000
        }
      ],
      "passes": [],
      "failures": [],
      "pending": [],
      "skipped": [],
      "duration": 0,
      "root": true,
      "rootEmpty": true,
      "_timeout": 2000
    }
  ],
  "meta": {
    "mocha": {
      "version": "10.2.0"
    },
    "mochawesome": {
      "options": {
        "quiet": false,
        "reportFilename": "mochawesome",
        "saveHtml": true,
        "saveJson": true,
        "consoleReporter": "spec",
        "useInlineDiffs": false,
        "code": true
      },
      "version": "7.1.3"
    },
    "marge": {
      "options": null,
      "version": "6.2.0"
    }
  }
}